<?xml version="1.0" encoding="UTF-8"?>
<!-- Generated by org.testng.reporters.JUnitReportReporter -->
<testsuite hostname="Abhinandan" failures="0" tests="6" name="Testngpack.Flag7" time="0.036" errors="0" timestamp="2022-06-06T09:21:32 IST" skipped="0">
  <testcase classname="Testngpack.Flag7" name="st1" time="0.004"/>
  <system-out>
    <![CDATA[st1]]>
  </system-out>
  <testcase classname="Testngpack.Flag7" name="it1" time="0.002"/>
  <system-out>
    <![CDATA[it1]]>
  </system-out>
  <testcase classname="Testngpack.Flag7" name="ft2" time="0.002"/>
  <system-out>
    <![CDATA[ft2]]>
  </system-out>
  <testcase classname="Testngpack.Flag7" name="st2" time="0.002"/>
  <system-out>
    <![CDATA[st2]]>
  </system-out>
  <testcase classname="Testngpack.Flag7" name="it2" time="0.003"/>
  <system-out>
    <![CDATA[it2]]>
  </system-out>
  <testcase classname="Testngpack.Flag7" name="ft1" time="0.023"/>
  <system-out>
    <![CDATA[ft1]]>
  </system-out>
</testsuite> <!-- Testngpack.Flag7 -->
